<?xml version="1.0" encoding="UTF-8"?>
<testng-results skipped="0" failed="0" ignored="0" total="1" passed="1">
  <reporter-output>
  </reporter-output>
  <suite name="Default suite" duration-ms="28154" started-at="2019-10-25T09:29:28Z" finished-at="2019-10-25T09:29:56Z">
    <groups>
    </groups>
    <test name="Default test" duration-ms="28154" started-at="2019-10-25T09:29:28Z" finished-at="2019-10-25T09:29:56Z">
      <class name="flows.Vpn">
        <test-method status="PASS" signature="test()[pri:0, instance:flows.Vpn@1d371b2d]" name="test" duration-ms="28127" started-at="2019-10-25T09:29:28Z" finished-at="2019-10-25T09:29:56Z">
          <reporter-output>
          </reporter-output>
        </test-method> <!-- test -->
      </class> <!-- flows.Vpn -->
    </test> <!-- Default test -->
  </suite> <!-- Default suite -->
</testng-results>
